This file contains any messages produced by compilers while
running configure, to aid debugging if configure makes a mistake.

It was created by mysql++ configure 3.2.4, which was
generated by GNU Autoconf 2.69.  Invocation command line was

  $ ./configure --prefix=/usr

## --------- ##
## Platform. ##
## --------- ##

hostname = kyokuaku-b450-aorus-pro-wifi
uname -m = x86_64
uname -r = 4.18.0-17-generic
uname -s = Linux
uname -v = #18~18.04.1-Ubuntu SMP Fri Mar 15 15:27:12 UTC 2019

/usr/bin/uname -p = unknown
/bin/uname -X     = unknown

/bin/arch              = unknown
/usr/bin/arch -k       = unknown
/usr/convex/getsysinfo = unknown
/usr/bin/hostinfo      = unknown
/bin/machine           = unknown
/usr/bin/oslevel       = unknown
/bin/universe          = unknown

PATH: /usr/local/sbin
PATH: /usr/local/bin
PATH: /usr/sbin
PATH: /usr/bin
PATH: /sbin
PATH: /bin
PATH: /usr/games
PATH: /usr/local/games


## ----------- ##
## Core tests. ##
## ----------- ##

configure:2418: checking build system type
configure:2432: result: x86_64-unknown-linux-gnu
configure:2452: checking host system type
configure:2465: result: x86_64-unknown-linux-gnu
configure:2485: checking target system type
configure:2498: result: x86_64-unknown-linux-gnu
configure:2530: WARNING: Libtool does not cope well with whitespace in `pwd`
configure:2574: checking how to print strings
configure:2601: result: printf
configure:2670: checking for gcc
configure:2686: found /usr/bin/gcc
configure:2697: result: gcc
configure:2926: checking for C compiler version
configure:2935: gcc --version >&5
gcc (Ubuntu 7.3.0-27ubuntu1~18.04) 7.3.0
Copyright (C) 2017 Free Software Foundation, Inc.
This is free software; see the source for copying conditions.  There is NO
warranty; not even for MERCHANTABILITY or FITNESS FOR A PARTICULAR PURPOSE.

configure:2946: $? = 0
configure:2935: gcc -v >&5
Using built-in specs.
COLLECT_GCC=gcc
COLLECT_LTO_WRAPPER=/usr/lib/gcc/x86_64-linux-gnu/7/lto-wrapper
OFFLOAD_TARGET_NAMES=nvptx-none
OFFLOAD_TARGET_DEFAULT=1
Target: x86_64-linux-gnu
Configured with: ../src/configure -v --with-pkgversion='Ubuntu 7.3.0-27ubuntu1~18.04' --with-bugurl=file:///usr/share/doc/gcc-7/README.Bugs --enable-languages=c,ada,c++,go,brig,d,fortran,objc,obj-c++ --prefix=/usr --with-gcc-major-version-only --program-suffix=-7 --program-prefix=x86_64-linux-gnu- --enable-shared --enable-linker-build-id --libexecdir=/usr/lib --without-included-gettext --enable-threads=posix --libdir=/usr/lib --enable-nls --with-sysroot=/ --enable-clocale=gnu --enable-libstdcxx-debug --enable-libstdcxx-time=yes --with-default-libstdcxx-abi=new --enable-gnu-unique-object --disable-vtable-verify --enable-libmpx --enable-plugin --enable-default-pie --with-system-zlib --with-target-system-zlib --enable-objc-gc=auto --enable-multiarch --disable-werror --with-arch-32=i686 --with-abi=m64 --with-multilib-list=m32,m64,mx32 --enable-multilib --with-tune=generic --enable-offload-targets=nvptx-none --without-cuda-driver --enable-checking=release --build=x86_64-linux-gnu --host=x86_64-linux-gnu --target=x86_64-linux-gnu
Thread model: posix
gcc version 7.3.0 (Ubuntu 7.3.0-27ubuntu1~18.04) 
configure:2946: $? = 0
configure:2935: gcc -V >&5
gcc: error: unrecognized command line option '-V'
gcc: fatal error: no input files
compilation terminated.
configure:2946: $? = 1
configure:2935: gcc -qversion >&5
gcc: error: unrecognized command line option '-qversion'; did you mean '--version'?
gcc: fatal error: no input files
compilation terminated.
configure:2946: $? = 1
configure:2966: checking whether the C compiler works
configure:2988: gcc    conftest.c  >&5
configure:2992: $? = 0
configure:3040: result: yes
configure:3043: checking for C compiler default output file name
configure:3045: result: a.out
configure:3051: checking for suffix of executables
configure:3058: gcc -o conftest    conftest.c  >&5
configure:3062: $? = 0
configure:3084: result: 
configure:3106: checking whether we are cross compiling
configure:3114: gcc -o conftest    conftest.c  >&5
configure:3118: $? = 0
configure:3125: ./conftest
configure:3129: $? = 0
configure:3144: result: no
configure:3149: checking for suffix of object files
configure:3171: gcc -c   conftest.c >&5
configure:3175: $? = 0
configure:3196: result: o
configure:3200: checking whether we are using the GNU C compiler
configure:3219: gcc -c   conftest.c >&5
configure:3219: $? = 0
configure:3228: result: yes
configure:3237: checking whether gcc accepts -g
configure:3257: gcc -c -g  conftest.c >&5
configure:3257: $? = 0
configure:3298: result: yes
configure:3315: checking for gcc option to accept ISO C89
configure:3378: gcc  -c -g -O2  conftest.c >&5
configure:3378: $? = 0
configure:3391: result: none needed
configure:3411: checking for a sed that does not truncate output
configure:3475: result: /bin/sed
configure:3493: checking for grep that handles long lines and -e
configure:3551: result: /bin/grep
configure:3556: checking for egrep
configure:3618: result: /bin/grep -E
configure:3623: checking for fgrep
configure:3685: result: /bin/grep -F
configure:3720: checking for ld used by gcc
configure:3787: result: /usr/bin/ld
configure:3794: checking if the linker (/usr/bin/ld) is GNU ld
configure:3809: result: yes
configure:3821: checking for BSD- or MS-compatible name lister (nm)
configure:3875: result: /usr/bin/nm -B
configure:4005: checking the name lister (/usr/bin/nm -B) interface
configure:4012: gcc -c -g -O2  conftest.c >&5
configure:4015: /usr/bin/nm -B "conftest.o"
configure:4018: output
0000000000000000 B some_variable
configure:4025: result: BSD nm
configure:4028: checking whether ln -s works
configure:4032: result: yes
configure:4040: checking the maximum length of command line arguments
configure:4171: result: 1572864
configure:4219: checking how to convert x86_64-unknown-linux-gnu file names to x86_64-unknown-linux-gnu format
configure:4259: result: func_convert_file_noop
configure:4266: checking how to convert x86_64-unknown-linux-gnu file names to toolchain format
configure:4286: result: func_convert_file_noop
configure:4293: checking for /usr/bin/ld option to reload object files
configure:4300: result: -r
configure:4374: checking for objdump
configure:4390: found /usr/bin/objdump
configure:4401: result: objdump
configure:4433: checking how to recognize dependent libraries
configure:4633: result: pass_all
configure:4718: checking for dlltool
configure:4748: result: no
configure:4778: checking how to associate runtime and link libraries
configure:4805: result: printf %s\n
configure:4866: checking for ar
configure:4882: found /usr/bin/ar
configure:4893: result: ar
configure:4930: checking for archiver @FILE support
configure:4947: gcc -c -g -O2  conftest.c >&5
configure:4947: $? = 0
configure:4950: ar cru libconftest.a @conftest.lst >&5
ar: `u' modifier ignored since `D' is the default (see `U')
configure:4953: $? = 0
configure:4958: ar cru libconftest.a @conftest.lst >&5
ar: `u' modifier ignored since `D' is the default (see `U')
ar: conftest.o: No such file or directory
configure:4961: $? = 1
configure:4973: result: @
configure:5031: checking for strip
configure:5047: found /usr/bin/strip
configure:5058: result: strip
configure:5130: checking for ranlib
configure:5146: found /usr/bin/ranlib
configure:5157: result: ranlib
configure:5234: checking for gawk
configure:5264: result: no
configure:5234: checking for mawk
configure:5250: found /usr/bin/mawk
configure:5261: result: mawk
configure:5301: checking command to parse /usr/bin/nm -B output from gcc object
configure:5454: gcc -c -g -O2  conftest.c >&5
configure:5457: $? = 0
configure:5461: /usr/bin/nm -B conftest.o \| sed -n -e 's/^.*[ ]\([ABCDGIRSTW][ABCDGIRSTW]*\)[ ][ ]*\([_A-Za-z][_A-Za-z0-9]*\)$/\1 \2 \2/p' | sed '/ __gnu_lto/d' \> conftest.nm
configure:5464: $? = 0
configure:5530: gcc -o conftest -g -O2   conftest.c conftstm.o >&5
configure:5533: $? = 0
configure:5571: result: ok
configure:5618: checking for sysroot
configure:5648: result: no
configure:5655: checking for a working dd
configure:5693: result: /bin/dd
configure:5697: checking how to truncate binary pipes
configure:5712: result: /bin/dd bs=4096 count=1
configure:5848: gcc -c -g -O2  conftest.c >&5
configure:5851: $? = 0
configure:6041: checking for mt
configure:6057: found /bin/mt
configure:6068: result: mt
configure:6091: checking if mt is a manifest tool
configure:6097: mt '-?'
configure:6105: result: no
configure:6782: checking how to run the C preprocessor
configure:6813: gcc -E  conftest.c
configure:6813: $? = 0
configure:6827: gcc -E  conftest.c
conftest.c:9:10: fatal error: ac_nonexistent.h: No such file or directory
 #include <ac_nonexistent.h>
          ^~~~~~~~~~~~~~~~~~
compilation terminated.
configure:6827: $? = 1
configure: failed program was:
| /* confdefs.h */
| #define PACKAGE_NAME "mysql++"
| #define PACKAGE_TARNAME "mysql++"
| #define PACKAGE_VERSION "3.2.4"
| #define PACKAGE_STRING "mysql++ 3.2.4"
| #define PACKAGE_BUGREPORT "plusplus@lists.mysql.com"
| #define PACKAGE_URL ""
| /* end confdefs.h.  */
| #include <ac_nonexistent.h>
configure:6852: result: gcc -E
configure:6872: gcc -E  conftest.c
configure:6872: $? = 0
configure:6886: gcc -E  conftest.c
conftest.c:9:10: fatal error: ac_nonexistent.h: No such file or directory
 #include <ac_nonexistent.h>
          ^~~~~~~~~~~~~~~~~~
compilation terminated.
configure:6886: $? = 1
configure: failed program was:
| /* confdefs.h */
| #define PACKAGE_NAME "mysql++"
| #define PACKAGE_TARNAME "mysql++"
| #define PACKAGE_VERSION "3.2.4"
| #define PACKAGE_STRING "mysql++ 3.2.4"
| #define PACKAGE_BUGREPORT "plusplus@lists.mysql.com"
| #define PACKAGE_URL ""
| /* end confdefs.h.  */
| #include <ac_nonexistent.h>
configure:6915: checking for ANSI C header files
configure:6935: gcc -c -g -O2  conftest.c >&5
configure:6935: $? = 0
configure:7008: gcc -o conftest -g -O2   conftest.c  >&5
configure:7008: $? = 0
configure:7008: ./conftest
configure:7008: $? = 0
configure:7019: result: yes
configure:7032: checking for sys/types.h
configure:7032: gcc -c -g -O2  conftest.c >&5
configure:7032: $? = 0
configure:7032: result: yes
configure:7032: checking for sys/stat.h
configure:7032: gcc -c -g -O2  conftest.c >&5
configure:7032: $? = 0
configure:7032: result: yes
configure:7032: checking for stdlib.h
configure:7032: gcc -c -g -O2  conftest.c >&5
configure:7032: $? = 0
configure:7032: result: yes
configure:7032: checking for string.h
configure:7032: gcc -c -g -O2  conftest.c >&5
configure:7032: $? = 0
configure:7032: result: yes
configure:7032: checking for memory.h
configure:7032: gcc -c -g -O2  conftest.c >&5
configure:7032: $? = 0
configure:7032: result: yes
configure:7032: checking for strings.h
configure:7032: gcc -c -g -O2  conftest.c >&5
configure:7032: $? = 0
configure:7032: result: yes
configure:7032: checking for inttypes.h
configure:7032: gcc -c -g -O2  conftest.c >&5
configure:7032: $? = 0
configure:7032: result: yes
configure:7032: checking for stdint.h
configure:7032: gcc -c -g -O2  conftest.c >&5
configure:7032: $? = 0
configure:7032: result: yes
configure:7032: checking for unistd.h
configure:7032: gcc -c -g -O2  conftest.c >&5
configure:7032: $? = 0
configure:7032: result: yes
configure:7046: checking for dlfcn.h
configure:7046: gcc -c -g -O2  conftest.c >&5
configure:7046: $? = 0
configure:7046: result: yes
configure:7302: checking for objdir
configure:7317: result: .libs
configure:7581: checking if gcc supports -fno-rtti -fno-exceptions
configure:7599: gcc -c -g -O2  -fno-rtti -fno-exceptions conftest.c >&5
cc1: warning: command line option '-fno-rtti' is valid for C++/ObjC++ but not for C
configure:7603: $? = 0
configure:7616: result: no
configure:7974: checking for gcc option to produce PIC
configure:7981: result: -fPIC -DPIC
configure:7989: checking if gcc PIC flag -fPIC -DPIC works
configure:8007: gcc -c -g -O2  -fPIC -DPIC -DPIC conftest.c >&5
configure:8011: $? = 0
configure:8024: result: yes
configure:8053: checking if gcc static flag -static works
configure:8081: result: yes
configure:8096: checking if gcc supports -c -o file.o
configure:8117: gcc -c -g -O2  -o out/conftest2.o conftest.c >&5
configure:8121: $? = 0
configure:8143: result: yes
configure:8151: checking if gcc supports -c -o file.o
configure:8198: result: yes
configure:8231: checking whether the gcc linker (/usr/bin/ld -m elf_x86_64) supports shared libraries
configure:9490: result: yes
configure:9527: checking whether -lc should be explicitly linked in
configure:9535: gcc -c -g -O2  conftest.c >&5
configure:9538: $? = 0
configure:9553: gcc -shared  -fPIC -DPIC conftest.o  -v -Wl,-soname -Wl,conftest -o conftest 2\>\&1 \| /bin/grep  -lc  \>/dev/null 2\>\&1
configure:9556: $? = 0
configure:9570: result: no
configure:9730: checking dynamic linker characteristics
configure:10311: gcc -o conftest -g -O2   -Wl,-rpath -Wl,/foo conftest.c  >&5
configure:10311: $? = 0
configure:10548: result: GNU/Linux ld.so
configure:10670: checking how to hardcode library paths into programs
configure:10695: result: immediate
configure:11243: checking whether stripping libraries is possible
configure:11248: result: yes
configure:11283: checking if libtool supports shared libraries
configure:11285: result: yes
configure:11288: checking whether to build shared libraries
configure:11313: result: yes
configure:11316: checking whether to build static libraries
configure:11320: result: yes
configure:11418: checking for gcc
configure:11445: result: gcc
configure:11674: checking for C compiler version
configure:11683: gcc --version >&5
gcc (Ubuntu 7.3.0-27ubuntu1~18.04) 7.3.0
Copyright (C) 2017 Free Software Foundation, Inc.
This is free software; see the source for copying conditions.  There is NO
warranty; not even for MERCHANTABILITY or FITNESS FOR A PARTICULAR PURPOSE.

configure:11694: $? = 0
configure:11683: gcc -v >&5
Using built-in specs.
COLLECT_GCC=gcc
COLLECT_LTO_WRAPPER=/usr/lib/gcc/x86_64-linux-gnu/7/lto-wrapper
OFFLOAD_TARGET_NAMES=nvptx-none
OFFLOAD_TARGET_DEFAULT=1
Target: x86_64-linux-gnu
Configured with: ../src/configure -v --with-pkgversion='Ubuntu 7.3.0-27ubuntu1~18.04' --with-bugurl=file:///usr/share/doc/gcc-7/README.Bugs --enable-languages=c,ada,c++,go,brig,d,fortran,objc,obj-c++ --prefix=/usr --with-gcc-major-version-only --program-suffix=-7 --program-prefix=x86_64-linux-gnu- --enable-shared --enable-linker-build-id --libexecdir=/usr/lib --without-included-gettext --enable-threads=posix --libdir=/usr/lib --enable-nls --with-sysroot=/ --enable-clocale=gnu --enable-libstdcxx-debug --enable-libstdcxx-time=yes --with-default-libstdcxx-abi=new --enable-gnu-unique-object --disable-vtable-verify --enable-libmpx --enable-plugin --enable-default-pie --with-system-zlib --with-target-system-zlib --enable-objc-gc=auto --enable-multiarch --disable-werror --with-arch-32=i686 --with-abi=m64 --with-multilib-list=m32,m64,mx32 --enable-multilib --with-tune=generic --enable-offload-targets=nvptx-none --without-cuda-driver --enable-checking=release --build=x86_64-linux-gnu --host=x86_64-linux-gnu --target=x86_64-linux-gnu
Thread model: posix
gcc version 7.3.0 (Ubuntu 7.3.0-27ubuntu1~18.04) 
configure:11694: $? = 0
configure:11683: gcc -V >&5
gcc: error: unrecognized command line option '-V'
gcc: fatal error: no input files
compilation terminated.
configure:11694: $? = 1
configure:11683: gcc -qversion >&5
gcc: error: unrecognized command line option '-qversion'; did you mean '--version'?
gcc: fatal error: no input files
compilation terminated.
configure:11694: $? = 1
configure:11698: checking whether we are using the GNU C compiler
configure:11726: result: yes
configure:11735: checking whether gcc accepts -g
configure:11796: result: yes
configure:11813: checking for gcc option to accept ISO C89
configure:11889: result: none needed
configure:11909: checking for ANSI C header files
configure:12013: result: yes
configure:12424: checking for getopt
configure:12424: gcc -o conftest -g -O2   conftest.c  >&5
configure:12424: $? = 0
configure:12424: result: yes
configure:12478: checking whether -lm is needed to use C math functions
configure:12494: gcc -o conftest -g -O2   conftest.c  >&5
configure:12494: $? = 0
configure:12495: result: no
configure:12537: checking whether -lsocket is needed
configure:12556: gcc -o conftest -g -O2   conftest.c  >&5
configure:12556: $? = 0
configure:12557: result: no
configure:12597: checking whether -lnsl is needed
configure:12611: gcc -o conftest -g -O2   conftest.c  >&5
configure:12611: $? = 0
configure:12612: result: no
configure:12691: checking for MySQL include directory
configure:12713: result: /usr/include/mysql
configure:12720: checking for MySQL C API library directory
configure:12744: gcc -o conftest -g -O2  -I/usr/include/mysql  -L/usr/lib conftest.c  -lmysqlclient >&5
configure:12744: $? = 0
configure:12745: result: /usr/lib
configure:12804: checking for mysql_ssl_set in -lmysqlclient
configure:12829: gcc -o conftest -g -O2   conftest.c -lmysqlclient   >&5
configure:12829: $? = 0
configure:12839: result: yes
configure:12850: checking for localtime_r()
configure:12869: gcc -o conftest -g -O2   conftest.c  >&5
configure:12869: $? = 0
configure:12869: ./conftest
configure:12869: $? = 0
configure:12879: result: yes
configure:12888: checking for main in -lintl
configure:12907: gcc -o conftest -g -O2   conftest.c -lintl   >&5
/usr/bin/ld: cannot find -lintl
collect2: error: ld returned 1 exit status
configure:12907: $? = 1
configure: failed program was:
| /* confdefs.h */
| #define PACKAGE_NAME "mysql++"
| #define PACKAGE_TARNAME "mysql++"
| #define PACKAGE_VERSION "3.2.4"
| #define PACKAGE_STRING "mysql++ 3.2.4"
| #define PACKAGE_BUGREPORT "plusplus@lists.mysql.com"
| #define PACKAGE_URL ""
| #define STDC_HEADERS 1
| #define HAVE_SYS_TYPES_H 1
| #define HAVE_SYS_STAT_H 1
| #define HAVE_STDLIB_H 1
| #define HAVE_STRING_H 1
| #define HAVE_MEMORY_H 1
| #define HAVE_STRINGS_H 1
| #define HAVE_INTTYPES_H 1
| #define HAVE_STDINT_H 1
| #define HAVE_UNISTD_H 1
| #define HAVE_DLFCN_H 1
| #define LT_OBJDIR ".libs/"
| #define STDC_HEADERS 1
| #define HAVE_POSIX_GETOPT /**/
| #define HAVE_MYSQL_SSL_SET /**/
| #define HAVE_LOCALTIME_R 1
| /* end confdefs.h.  */
| 
| 
| int
| main ()
| {
| return main ();
|   ;
|   return 0;
| }
configure:12916: result: no
configure:12998: checking for g++
configure:13014: found /usr/bin/g++
configure:13025: result: g++
configure:13052: checking for C++ compiler version
configure:13061: g++ --version >&5
g++ (Ubuntu 7.3.0-27ubuntu1~18.04) 7.3.0
Copyright (C) 2017 Free Software Foundation, Inc.
This is free software; see the source for copying conditions.  There is NO
warranty; not even for MERCHANTABILITY or FITNESS FOR A PARTICULAR PURPOSE.

configure:13072: $? = 0
configure:13061: g++ -v >&5
Using built-in specs.
COLLECT_GCC=g++
COLLECT_LTO_WRAPPER=/usr/lib/gcc/x86_64-linux-gnu/7/lto-wrapper
OFFLOAD_TARGET_NAMES=nvptx-none
OFFLOAD_TARGET_DEFAULT=1
Target: x86_64-linux-gnu
Configured with: ../src/configure -v --with-pkgversion='Ubuntu 7.3.0-27ubuntu1~18.04' --with-bugurl=file:///usr/share/doc/gcc-7/README.Bugs --enable-languages=c,ada,c++,go,brig,d,fortran,objc,obj-c++ --prefix=/usr --with-gcc-major-version-only --program-suffix=-7 --program-prefix=x86_64-linux-gnu- --enable-shared --enable-linker-build-id --libexecdir=/usr/lib --without-included-gettext --enable-threads=posix --libdir=/usr/lib --enable-nls --with-sysroot=/ --enable-clocale=gnu --enable-libstdcxx-debug --enable-libstdcxx-time=yes --with-default-libstdcxx-abi=new --enable-gnu-unique-object --disable-vtable-verify --enable-libmpx --enable-plugin --enable-default-pie --with-system-zlib --with-target-system-zlib --enable-objc-gc=auto --enable-multiarch --disable-werror --with-arch-32=i686 --with-abi=m64 --with-multilib-list=m32,m64,mx32 --enable-multilib --with-tune=generic --enable-offload-targets=nvptx-none --without-cuda-driver --enable-checking=release --build=x86_64-linux-gnu --host=x86_64-linux-gnu --target=x86_64-linux-gnu
Thread model: posix
gcc version 7.3.0 (Ubuntu 7.3.0-27ubuntu1~18.04) 
configure:13072: $? = 0
configure:13061: g++ -V >&5
g++: error: unrecognized command line option '-V'
g++: fatal error: no input files
compilation terminated.
configure:13072: $? = 1
configure:13061: g++ -qversion >&5
g++: error: unrecognized command line option '-qversion'; did you mean '--version'?
g++: fatal error: no input files
compilation terminated.
configure:13072: $? = 1
configure:13076: checking whether we are using the GNU C++ compiler
configure:13095: g++ -c   conftest.cpp >&5
configure:13095: $? = 0
configure:13104: result: yes
configure:13113: checking whether g++ accepts -g
configure:13133: g++ -c -g  conftest.cpp >&5
configure:13133: $? = 0
configure:13174: result: yes
configure:13215: checking how to run the C++ preprocessor
configure:13242: g++ -E  conftest.cpp
configure:13242: $? = 0
configure:13256: g++ -E  conftest.cpp
conftest.cpp:25:10: fatal error: ac_nonexistent.h: No such file or directory
 #include <ac_nonexistent.h>
          ^~~~~~~~~~~~~~~~~~
compilation terminated.
configure:13256: $? = 1
configure: failed program was:
| /* confdefs.h */
| #define PACKAGE_NAME "mysql++"
| #define PACKAGE_TARNAME "mysql++"
| #define PACKAGE_VERSION "3.2.4"
| #define PACKAGE_STRING "mysql++ 3.2.4"
| #define PACKAGE_BUGREPORT "plusplus@lists.mysql.com"
| #define PACKAGE_URL ""
| #define STDC_HEADERS 1
| #define HAVE_SYS_TYPES_H 1
| #define HAVE_SYS_STAT_H 1
| #define HAVE_STDLIB_H 1
| #define HAVE_STRING_H 1
| #define HAVE_MEMORY_H 1
| #define HAVE_STRINGS_H 1
| #define HAVE_INTTYPES_H 1
| #define HAVE_STDINT_H 1
| #define HAVE_UNISTD_H 1
| #define HAVE_DLFCN_H 1
| #define LT_OBJDIR ".libs/"
| #define STDC_HEADERS 1
| #define HAVE_POSIX_GETOPT /**/
| #define HAVE_MYSQL_SSL_SET /**/
| #define HAVE_LOCALTIME_R 1
| /* end confdefs.h.  */
| #include <ac_nonexistent.h>
configure:13281: result: g++ -E
configure:13301: g++ -E  conftest.cpp
configure:13301: $? = 0
configure:13315: g++ -E  conftest.cpp
conftest.cpp:25:10: fatal error: ac_nonexistent.h: No such file or directory
 #include <ac_nonexistent.h>
          ^~~~~~~~~~~~~~~~~~
compilation terminated.
configure:13315: $? = 1
configure: failed program was:
| /* confdefs.h */
| #define PACKAGE_NAME "mysql++"
| #define PACKAGE_TARNAME "mysql++"
| #define PACKAGE_VERSION "3.2.4"
| #define PACKAGE_STRING "mysql++ 3.2.4"
| #define PACKAGE_BUGREPORT "plusplus@lists.mysql.com"
| #define PACKAGE_URL ""
| #define STDC_HEADERS 1
| #define HAVE_SYS_TYPES_H 1
| #define HAVE_SYS_STAT_H 1
| #define HAVE_STDLIB_H 1
| #define HAVE_STRING_H 1
| #define HAVE_MEMORY_H 1
| #define HAVE_STRINGS_H 1
| #define HAVE_INTTYPES_H 1
| #define HAVE_STDINT_H 1
| #define HAVE_UNISTD_H 1
| #define HAVE_DLFCN_H 1
| #define LT_OBJDIR ".libs/"
| #define STDC_HEADERS 1
| #define HAVE_POSIX_GETOPT /**/
| #define HAVE_MYSQL_SSL_SET /**/
| #define HAVE_LOCALTIME_R 1
| /* end confdefs.h.  */
| #include <ac_nonexistent.h>
configure:13477: checking for ld used by g++
configure:13544: result: /usr/bin/ld -m elf_x86_64
configure:13551: checking if the linker (/usr/bin/ld -m elf_x86_64) is GNU ld
configure:13566: result: yes
configure:13621: checking whether the g++ linker (/usr/bin/ld -m elf_x86_64) supports shared libraries
configure:14694: result: yes
configure:14730: g++ -c -g -O2  conftest.cpp >&5
configure:14733: $? = 0
configure:15214: checking for g++ option to produce PIC
configure:15221: result: -fPIC -DPIC
configure:15229: checking if g++ PIC flag -fPIC -DPIC works
configure:15247: g++ -c -g -O2  -fPIC -DPIC -DPIC conftest.cpp >&5
configure:15251: $? = 0
configure:15264: result: yes
configure:15287: checking if g++ static flag -static works
configure:15315: result: yes
configure:15327: checking if g++ supports -c -o file.o
configure:15348: g++ -c -g -O2  -o out/conftest2.o conftest.cpp >&5
configure:15352: $? = 0
configure:15374: result: yes
configure:15379: checking if g++ supports -c -o file.o
configure:15426: result: yes
configure:15456: checking whether the g++ linker (/usr/bin/ld -m elf_x86_64) supports shared libraries
configure:15496: result: yes
configure:15637: checking dynamic linker characteristics
configure:16382: result: GNU/Linux ld.so
configure:16447: checking how to hardcode library paths into programs
configure:16472: result: immediate
configure:16519: checking for STL slist extension
configure:16533: g++ -c -g -O2  conftest.cpp >&5
conftest.cpp:25:10: fatal error: slist: No such file or directory
 #include <slist>
          ^~~~~~~
compilation terminated.
configure:16533: $? = 1
configure: failed program was:
| /* confdefs.h */
| #define PACKAGE_NAME "mysql++"
| #define PACKAGE_TARNAME "mysql++"
| #define PACKAGE_VERSION "3.2.4"
| #define PACKAGE_STRING "mysql++ 3.2.4"
| #define PACKAGE_BUGREPORT "plusplus@lists.mysql.com"
| #define PACKAGE_URL ""
| #define STDC_HEADERS 1
| #define HAVE_SYS_TYPES_H 1
| #define HAVE_SYS_STAT_H 1
| #define HAVE_STDLIB_H 1
| #define HAVE_STRING_H 1
| #define HAVE_MEMORY_H 1
| #define HAVE_STRINGS_H 1
| #define HAVE_INTTYPES_H 1
| #define HAVE_STDINT_H 1
| #define HAVE_UNISTD_H 1
| #define HAVE_DLFCN_H 1
| #define LT_OBJDIR ".libs/"
| #define STDC_HEADERS 1
| #define HAVE_POSIX_GETOPT /**/
| #define HAVE_MYSQL_SSL_SET /**/
| #define HAVE_LOCALTIME_R 1
| /* end confdefs.h.  */
| #include <slist>
| int
| main ()
| {
| slist<int> l
|   ;
|   return 0;
| }
configure:16558: g++ -c -g -O2  conftest.cpp >&5
conftest.cpp:25:10: fatal error: slist: No such file or directory
 #include <slist>
          ^~~~~~~
compilation terminated.
configure:16558: $? = 1
configure: failed program was:
| /* confdefs.h */
| #define PACKAGE_NAME "mysql++"
| #define PACKAGE_TARNAME "mysql++"
| #define PACKAGE_VERSION "3.2.4"
| #define PACKAGE_STRING "mysql++ 3.2.4"
| #define PACKAGE_BUGREPORT "plusplus@lists.mysql.com"
| #define PACKAGE_URL ""
| #define STDC_HEADERS 1
| #define HAVE_SYS_TYPES_H 1
| #define HAVE_SYS_STAT_H 1
| #define HAVE_STDLIB_H 1
| #define HAVE_STRING_H 1
| #define HAVE_MEMORY_H 1
| #define HAVE_STRINGS_H 1
| #define HAVE_INTTYPES_H 1
| #define HAVE_STDINT_H 1
| #define HAVE_UNISTD_H 1
| #define HAVE_DLFCN_H 1
| #define LT_OBJDIR ".libs/"
| #define STDC_HEADERS 1
| #define HAVE_POSIX_GETOPT /**/
| #define HAVE_MYSQL_SSL_SET /**/
| #define HAVE_LOCALTIME_R 1
| /* end confdefs.h.  */
| #include <slist>
| int
| main ()
| {
| std::slist<int> l
|   ;
|   return 0;
| }
configure:16583: g++ -c -g -O2  conftest.cpp >&5
configure:16583: $? = 0
configure:16599: result: <ext/slist>, namespace __gnu_cxx
configure:16617: checking whether we are using the Intel C compiler
configure:16637: gcc -c -g -O2  conftest.c >&5
conftest.c: In function 'main':
conftest.c:32:17: error: unknown type name 'choke'
                 choke me
                 ^~~~~
configure:16637: $? = 1
configure: failed program was:
| /* confdefs.h */
| #define PACKAGE_NAME "mysql++"
| #define PACKAGE_TARNAME "mysql++"
| #define PACKAGE_VERSION "3.2.4"
| #define PACKAGE_STRING "mysql++ 3.2.4"
| #define PACKAGE_BUGREPORT "plusplus@lists.mysql.com"
| #define PACKAGE_URL ""
| #define STDC_HEADERS 1
| #define HAVE_SYS_TYPES_H 1
| #define HAVE_SYS_STAT_H 1
| #define HAVE_STDLIB_H 1
| #define HAVE_STRING_H 1
| #define HAVE_MEMORY_H 1
| #define HAVE_STRINGS_H 1
| #define HAVE_INTTYPES_H 1
| #define HAVE_STDINT_H 1
| #define HAVE_UNISTD_H 1
| #define HAVE_DLFCN_H 1
| #define LT_OBJDIR ".libs/"
| #define STDC_HEADERS 1
| #define HAVE_POSIX_GETOPT /**/
| #define HAVE_MYSQL_SSL_SET /**/
| #define HAVE_LOCALTIME_R 1
| #define HAVE_EXT_SLIST 1
| /* end confdefs.h.  */
| 
| int
| main ()
| {
| 
|              #ifndef __INTEL_COMPILER
|                 choke me
|              #endif
| 
|   ;
|   return 0;
| }
configure:16647: result: no
configure:17183: checking whether we are using the Intel C++ compiler
configure:17203: g++ -c -g -O2  conftest.cpp >&5
conftest.cpp: In function 'int main()':
conftest.cpp:32:17: error: 'choke' was not declared in this scope
                 choke me
                 ^~~~~
configure:17203: $? = 1
configure: failed program was:
| /* confdefs.h */
| #define PACKAGE_NAME "mysql++"
| #define PACKAGE_TARNAME "mysql++"
| #define PACKAGE_VERSION "3.2.4"
| #define PACKAGE_STRING "mysql++ 3.2.4"
| #define PACKAGE_BUGREPORT "plusplus@lists.mysql.com"
| #define PACKAGE_URL ""
| #define STDC_HEADERS 1
| #define HAVE_SYS_TYPES_H 1
| #define HAVE_SYS_STAT_H 1
| #define HAVE_STDLIB_H 1
| #define HAVE_STRING_H 1
| #define HAVE_MEMORY_H 1
| #define HAVE_STRINGS_H 1
| #define HAVE_INTTYPES_H 1
| #define HAVE_STDINT_H 1
| #define HAVE_UNISTD_H 1
| #define HAVE_DLFCN_H 1
| #define LT_OBJDIR ".libs/"
| #define STDC_HEADERS 1
| #define HAVE_POSIX_GETOPT /**/
| #define HAVE_MYSQL_SSL_SET /**/
| #define HAVE_LOCALTIME_R 1
| #define HAVE_EXT_SLIST 1
| /* end confdefs.h.  */
| 
| int
| main ()
| {
| 
|              #ifndef __INTEL_COMPILER
|                 choke me
|              #endif
| 
|   ;
|   return 0;
| }
configure:17213: result: no
configure:17518: checking whether we are using the Sun C++ compiler
configure:17538: g++ -c -g -O2  conftest.cpp >&5
conftest.cpp: In function 'int main()':
conftest.cpp:32:17: error: 'choke' was not declared in this scope
                 choke me
                 ^~~~~
configure:17538: $? = 1
configure: failed program was:
| /* confdefs.h */
| #define PACKAGE_NAME "mysql++"
| #define PACKAGE_TARNAME "mysql++"
| #define PACKAGE_VERSION "3.2.4"
| #define PACKAGE_STRING "mysql++ 3.2.4"
| #define PACKAGE_BUGREPORT "plusplus@lists.mysql.com"
| #define PACKAGE_URL ""
| #define STDC_HEADERS 1
| #define HAVE_SYS_TYPES_H 1
| #define HAVE_SYS_STAT_H 1
| #define HAVE_STDLIB_H 1
| #define HAVE_STRING_H 1
| #define HAVE_MEMORY_H 1
| #define HAVE_STRINGS_H 1
| #define HAVE_INTTYPES_H 1
| #define HAVE_STDINT_H 1
| #define HAVE_UNISTD_H 1
| #define HAVE_DLFCN_H 1
| #define LT_OBJDIR ".libs/"
| #define STDC_HEADERS 1
| #define HAVE_POSIX_GETOPT /**/
| #define HAVE_MYSQL_SSL_SET /**/
| #define HAVE_LOCALTIME_R 1
| #define HAVE_EXT_SLIST 1
| /* end confdefs.h.  */
| 
| int
| main ()
| {
| 
|              #ifndef __SUNPRO_CC
|                 choke me
|              #endif
| 
|   ;
|   return 0;
| }
configure:17548: result: no
configure:17751: checking for a BSD-compatible install
configure:17819: result: /usr/bin/install -c
configure:17889: checking for ranlib
configure:17916: result: ranlib
configure:17939: checking whether ln -s works
configure:17943: result: yes
configure:17951: checking whether make sets $(MAKE)
configure:17973: result: yes
configure:18036: checking for ar
configure:18063: result: ar
configure:18132: checking for strip
configure:18159: result: strip
configure:18224: checking for nm
configure:18251: result: /usr/bin/nm -B
configure:18286: checking if make is GNU make
configure:18300: result: yes
configure:18806: checking for dependency tracking method
configure:18820: result: gcc
configure:19276: creating ./config.status

## ---------------------- ##
## Running config.status. ##
## ---------------------- ##

This file was extended by mysql++ config.status 3.2.4, which was
generated by GNU Autoconf 2.69.  Invocation command line was

  CONFIG_FILES    = 
  CONFIG_HEADERS  = 
  CONFIG_LINKS    = 
  CONFIG_COMMANDS = 
  $ ./config.status 

on kyokuaku-b450-aorus-pro-wifi

config.status:1187: creating doc/userman/userman.dbx
config.status:1187: creating install.hta
config.status:1187: creating lib/Doxyfile
config.status:1187: creating lib/mysql++.h
config.status:1187: creating ssx/Doxyfile
config.status:1187: creating abi.xml
config.status:1187: creating mysql++.spec
config.status:1187: creating Makefile
config.status:1187: creating version
config.status:1187: creating config.h
config.status:1376: executing libtool commands

## ---------------- ##
## Cache variables. ##
## ---------------- ##

ac_cv_build=x86_64-unknown-linux-gnu
ac_cv_c_compiler_gnu=yes
ac_cv_cxx_compiler_gnu=yes
ac_cv_env_CCC_set=
ac_cv_env_CCC_value=
ac_cv_env_CC_set=
ac_cv_env_CC_value=
ac_cv_env_CFLAGS_set=
ac_cv_env_CFLAGS_value=
ac_cv_env_CPPFLAGS_set=
ac_cv_env_CPPFLAGS_value=
ac_cv_env_CPP_set=
ac_cv_env_CPP_value=
ac_cv_env_CXXCPP_set=
ac_cv_env_CXXCPP_value=
ac_cv_env_CXXFLAGS_set=
ac_cv_env_CXXFLAGS_value=
ac_cv_env_CXX_set=
ac_cv_env_CXX_value=
ac_cv_env_LDFLAGS_set=
ac_cv_env_LDFLAGS_value=
ac_cv_env_LIBS_set=
ac_cv_env_LIBS_value=
ac_cv_env_LT_SYS_LIBRARY_PATH_set=
ac_cv_env_LT_SYS_LIBRARY_PATH_value=
ac_cv_env_build_alias_set=
ac_cv_env_build_alias_value=
ac_cv_env_host_alias_set=
ac_cv_env_host_alias_value=
ac_cv_env_target_alias_set=
ac_cv_env_target_alias_value=
ac_cv_func_getopt=yes
ac_cv_header_dlfcn_h=yes
ac_cv_header_inttypes_h=yes
ac_cv_header_memory_h=yes
ac_cv_header_stdc=yes
ac_cv_header_stdint_h=yes
ac_cv_header_stdlib_h=yes
ac_cv_header_string_h=yes
ac_cv_header_strings_h=yes
ac_cv_header_sys_stat_h=yes
ac_cv_header_sys_types_h=yes
ac_cv_header_unistd_h=yes
ac_cv_host=x86_64-unknown-linux-gnu
ac_cv_lib_intl_main=no
ac_cv_lib_mysqlclient___mysql_ssl_set=yes
ac_cv_objext=o
ac_cv_path_EGREP='/bin/grep -E'
ac_cv_path_FGREP='/bin/grep -F'
ac_cv_path_GREP=/bin/grep
ac_cv_path_SED=/bin/sed
ac_cv_path_install='/usr/bin/install -c'
ac_cv_path_lt_DD=/bin/dd
ac_cv_prog_AWK=mawk
ac_cv_prog_CPP='gcc -E'
ac_cv_prog_CXXCPP='g++ -E'
ac_cv_prog_ac_ct_AR=ar
ac_cv_prog_ac_ct_CC=gcc
ac_cv_prog_ac_ct_CXX=g++
ac_cv_prog_ac_ct_MANIFEST_TOOL=mt
ac_cv_prog_ac_ct_NM='/usr/bin/nm -B'
ac_cv_prog_ac_ct_OBJDUMP=objdump
ac_cv_prog_ac_ct_RANLIB=ranlib
ac_cv_prog_ac_ct_STRIP=strip
ac_cv_prog_cc_c89=
ac_cv_prog_cc_g=yes
ac_cv_prog_cxx_g=yes
ac_cv_prog_make_make_set=yes
ac_cv_target=x86_64-unknown-linux-gnu
bakefile_cv_c_compiler___INTEL_COMPILER=no
bakefile_cv_cxx_compiler___INTEL_COMPILER=no
bakefile_cv_cxx_compiler___SUNPRO_CC=no
bakefile_cv_prog_makeisgnu=yes
lt_cv_ar_at_file=@
lt_cv_archive_cmds_need_lc=no
lt_cv_deplibs_check_method=pass_all
lt_cv_file_magic_cmd='$MAGIC_CMD'
lt_cv_file_magic_test_file=
lt_cv_ld_reload_flag=-r
lt_cv_nm_interface='BSD nm'
lt_cv_objdir=.libs
lt_cv_path_LD=/usr/bin/ld
lt_cv_path_LDCXX='/usr/bin/ld -m elf_x86_64'
lt_cv_path_NM='/usr/bin/nm -B'
lt_cv_path_mainfest_tool=no
lt_cv_prog_compiler_c_o=yes
lt_cv_prog_compiler_c_o_CXX=yes
lt_cv_prog_compiler_pic='-fPIC -DPIC'
lt_cv_prog_compiler_pic_CXX='-fPIC -DPIC'
lt_cv_prog_compiler_pic_works=yes
lt_cv_prog_compiler_pic_works_CXX=yes
lt_cv_prog_compiler_rtti_exceptions=no
lt_cv_prog_compiler_static_works=yes
lt_cv_prog_compiler_static_works_CXX=yes
lt_cv_prog_gnu_ld=yes
lt_cv_prog_gnu_ldcxx=yes
lt_cv_sharedlib_from_linklib_cmd='printf %s\n'
lt_cv_shlibpath_overrides_runpath=yes
lt_cv_sys_global_symbol_pipe='sed -n -e '\''s/^.*[	 ]\([ABCDGIRSTW][ABCDGIRSTW]*\)[	 ][	 ]*\([_A-Za-z][_A-Za-z0-9]*\)$/\1 \2 \2/p'\'' | sed '\''/ __gnu_lto/d'\'''
lt_cv_sys_global_symbol_to_c_name_address='sed -n -e '\''s/^: \(.*\) .*$/  {"\1", (void *) 0},/p'\'' -e '\''s/^[ABCDGIRSTW][ABCDGIRSTW]* .* \(.*\)$/  {"\1", (void *) \&\1},/p'\'''
lt_cv_sys_global_symbol_to_c_name_address_lib_prefix='sed -n -e '\''s/^: \(.*\) .*$/  {"\1", (void *) 0},/p'\'' -e '\''s/^[ABCDGIRSTW][ABCDGIRSTW]* .* \(lib.*\)$/  {"\1", (void *) \&\1},/p'\'' -e '\''s/^[ABCDGIRSTW][ABCDGIRSTW]* .* \(.*\)$/  {"lib\1", (void *) \&\1},/p'\'''
lt_cv_sys_global_symbol_to_cdecl='sed -n -e '\''s/^T .* \(.*\)$/extern int \1();/p'\'' -e '\''s/^[ABCDGIRSTW][ABCDGIRSTW]* .* \(.*\)$/extern char \1;/p'\'''
lt_cv_sys_global_symbol_to_import=
lt_cv_sys_max_cmd_len=1572864
lt_cv_to_host_file_cmd=func_convert_file_noop
lt_cv_to_tool_file_cmd=func_convert_file_noop
lt_cv_truncate_bin='/bin/dd bs=4096 count=1'

## ----------------- ##
## Output variables. ##
## ----------------- ##

AIX_CXX_LD=''
AR='ar'
AROPTIONS='rc'
AWK='mawk'
BK_DEPS='/media/kyokukau/RIP Life/Projects/BlueMarten/_FeralHeartRedux/FH_Linux/FHR_Linux_Clean/mysql++-3.2.4/bk-deps'
CC='gcc'
CFLAGS='-g -O2'
COND_BUILD_debug='#'
COND_BUILD_release='#'
COND_DEPS_TRACKING_0='#'
COND_DEPS_TRACKING_1=''
COND_PLATFORM_MACOSX_0_USE_SOVERCYGWIN_0_USE_SOVERSION_1=''
COND_PLATFORM_MACOSX_0_USE_SOVERSION_1=''
COND_PLATFORM_MACOSX_1='#'
COND_PLATFORM_MACOSX_1_USE_SOVERSION_1='#'
COND_PLATFORM_OS2_1='#'
COND_USE_SOTWOSYMLINKS_1=''
COND_USE_SOVERCYGWIN_1_USE_SOVERSION_1='#'
COND_USE_SOVERLINUX_1=''
COND_USE_SOVERSION_0='#'
COND_USE_SOVERSION_1_USE_SOVERSOLARIS_1='#'
COND_USE_SOVERSOLARIS_1='#'
COND_WINDOWS_IMPLIB_1='#'
CPP='gcc -E'
CPPFLAGS=''
CXX='g++'
CXXCPP='g++ -E'
CXXFLAGS='-g -O2'
DEFS='-DHAVE_CONFIG_H'
DEPS_TRACKING='1'
DLLIMP_SUFFIX='so'
DLLPREFIX='lib'
DLLPREFIX_MODULE=''
DLLTOOL='false'
DSYMUTIL=''
DUMPBIN=''
ECHO_C=''
ECHO_N='-n'
ECHO_T=''
EGREP='/bin/grep -E'
EXEEXT=''
FGREP='/bin/grep -F'
GREP='/bin/grep'
IF_GNU_MAKE=''
INSTALL_DATA='${INSTALL} -m 644'
INSTALL_DIR='mkdir -p'
INSTALL_PROGRAM='${INSTALL}'
INSTALL_SCRIPT='${INSTALL}'
LD='/usr/bin/ld -m elf_x86_64'
LDFLAGS=''
LDFLAGS_GUI=''
LIBEXT='.a'
LIBOBJS=''
LIBPREFIX='lib'
LIBS=''
LIBTOOL='$(SHELL) $(top_builddir)/libtool'
LIBTOOL_DEPS='./ltmain.sh'
LIPO=''
LN_S='ln -s'
LTLIBOBJS=''
LT_SYS_LIBRARY_PATH=''
MAKE_SET=''
MANIFEST_TOOL=':'
MYSQLPP_EXTRA_LIBS=''
MYSQLPP_VERSION_BUGFIX='4'
MYSQLPP_VERSION_MAJOR='3'
MYSQLPP_VERSION_MINOR='2'
MYSQL_C_INC_DIR='/usr/include/mysql'
MYSQL_C_LIB_DIR='/usr/lib'
MYSQL_C_LIB_NAME='mysqlclient'
NM='/usr/bin/nm -B'
NMEDIT=''
OBJCXXFLAGS=''
OBJDUMP='objdump'
OBJEXT='o'
OTOOL64=''
OTOOL=''
PACKAGE_BUGREPORT='plusplus@lists.mysql.com'
PACKAGE_NAME='mysql++'
PACKAGE_STRING='mysql++ 3.2.4'
PACKAGE_TARNAME='mysql++'
PACKAGE_URL=''
PACKAGE_VERSION='3.2.4'
PATH_SEPARATOR=':'
PIC_FLAG='-fPIC -DPIC'
PLATFORM_BEOS='0'
PLATFORM_MAC='0'
PLATFORM_MACOS='0'
PLATFORM_MACOSX='0'
PLATFORM_UNIX='1'
PLATFORM_WIN32='0'
PTHREAD_CC=''
PTHREAD_CFLAGS=''
PTHREAD_LIBS=''
RANLIB='ranlib'
SED='/bin/sed'
SET_MAKE=''
SHARED_LD_CC='$(CC) -shared -fPIC -o'
SHARED_LD_CXX='$(CXX) -shared -fPIC -o'
SHARED_LD_MODULE_CC='$(CC) -shared -fPIC -o'
SHARED_LD_MODULE_CXX='$(CXX) -shared -fPIC -o'
SHELL='/bin/bash'
SONAME_FLAG='-Wl,-soname,'
SO_SUFFIX='so'
SO_SUFFIX_MODULE='so'
STRIP='strip'
USE_MACVERSION='0'
USE_SOTWOSYMLINKS='1'
USE_SOVERCYGWIN='0'
USE_SOVERLINUX='1'
USE_SOVERSION='1'
USE_SOVERSOLARIS='0'
WINDOWS_IMPLIB='0'
WINDRES=''
ac_ct_AR='ar'
ac_ct_CC='gcc'
ac_ct_CXX='g++'
ac_ct_DUMPBIN=''
acx_pthread_config=''
bindir='${exec_prefix}/bin'
build='x86_64-unknown-linux-gnu'
build_alias=''
build_cpu='x86_64'
build_os='linux-gnu'
build_vendor='unknown'
datadir='${datarootdir}'
datarootdir='${prefix}/share'
dlldir='${exec_prefix}/lib'
docdir='${datarootdir}/doc/${PACKAGE_TARNAME}'
dvidir='${docdir}'
exec_prefix='${prefix}'
host='x86_64-unknown-linux-gnu'
host_alias=''
host_cpu='x86_64'
host_os='linux-gnu'
host_vendor='unknown'
htmldir='${docdir}'
includedir='${prefix}/include'
infodir='${datarootdir}/info'
libdir='${exec_prefix}/lib'
libexecdir='${exec_prefix}/libexec'
localedir='${datarootdir}/locale'
localstatedir='${prefix}/var'
mandir='${datarootdir}/man'
oldincludedir='/usr/include'
pdfdir='${docdir}'
prefix='/usr'
program_transform_name='s,x,x,'
psdir='${docdir}'
sbindir='${exec_prefix}/sbin'
sharedstatedir='${prefix}/com'
sysconfdir='${prefix}/etc'
target='x86_64-unknown-linux-gnu'
target_alias=''
target_cpu='x86_64'
target_os='linux-gnu'
target_vendor='unknown'

## ----------- ##
## confdefs.h. ##
## ----------- ##

/* confdefs.h */
#define PACKAGE_NAME "mysql++"
#define PACKAGE_TARNAME "mysql++"
#define PACKAGE_VERSION "3.2.4"
#define PACKAGE_STRING "mysql++ 3.2.4"
#define PACKAGE_BUGREPORT "plusplus@lists.mysql.com"
#define PACKAGE_URL ""
#define STDC_HEADERS 1
#define HAVE_SYS_TYPES_H 1
#define HAVE_SYS_STAT_H 1
#define HAVE_STDLIB_H 1
#define HAVE_STRING_H 1
#define HAVE_MEMORY_H 1
#define HAVE_STRINGS_H 1
#define HAVE_INTTYPES_H 1
#define HAVE_STDINT_H 1
#define HAVE_UNISTD_H 1
#define HAVE_DLFCN_H 1
#define LT_OBJDIR ".libs/"
#define STDC_HEADERS 1
#define HAVE_POSIX_GETOPT /**/
#define HAVE_MYSQL_SSL_SET /**/
#define HAVE_LOCALTIME_R 1
#define HAVE_EXT_SLIST 1

configure: exit 0
